<?xml version="1.0" encoding="UTF-8"?>
<testsuite name="PhoneBillTest" tests="1" skipped="0" failures="0" errors="0" timestamp="2023-04-04T09:45:46" hostname="DESKTOP-DLBIEO4" time="0.048">
  <properties/>
  <testcase name="testCalculateFee()" classname="PhoneBillTest" time="0.048"/>
  <system-out><![CDATA[]]></system-out>
  <system-err><![CDATA[]]></system-err>
</testsuite>
